<?xml version="1.0" encoding="UTF-8"?>
<testng-results ignored="0" total="1" passed="1" failed="0" skipped="0">
  <reporter-output>
  </reporter-output>
  <suite started-at="2022-06-28T01:09:01 IST" name="Default suite" finished-at="2022-06-28T01:09:25 IST" duration-ms="23273">
    <groups>
    </groups>
    <test started-at="2022-06-28T01:09:01 IST" name="Default test" finished-at="2022-06-28T01:09:25 IST" duration-ms="23273">
      <class name="org.testing.WebTest.webTest">
        <test-method signature="WebTestCase()[pri:0, instance:org.testing.WebTest.webTest@793be5ca]" started-at="2022-06-28T01:09:01 IST" name="WebTestCase" finished-at="2022-06-28T01:09:25 IST" duration-ms="23217" status="PASS">
          <reporter-output>
          </reporter-output>
        </test-method> <!-- WebTestCase -->
      </class> <!-- org.testing.WebTest.webTest -->
    </test> <!-- Default test -->
  </suite> <!-- Default suite -->
</testng-results>
